{
  "RSpec": {
    "coverage": {
      "C:/Users/medve/Desktop/rubyLaba2/lib/translations.rb": [
        1,
        1,
        1,
        null,
        null,
        1,
        1,
        1,
        9,
        null,
        null,
        1,
        1,
        0,
        null,
        null,
        null,
        1,
        8,
        null,
        null,
        1,
        1,
        1,
        null,
        null,
        null,
        1,
        2,
        null,
        null,
        1,
        1,
        null,
        null,
        1,
        2,
        2,
        2,
        null,
        2,
        2,
        2,
        1,
        1,
        null,
        2,
        null,
        2,
        null,
        null,
        1,
        1,
        1,
        1,
        1,
        null,
        1,
        1,
        1,
        null,
        1,
        null,
        null,
        1,
        1,
        1,
        1,
        1,
        1,
        1,
        1,
        1,
        1,
        1,
        null,
        null,
        1,
        null,
        1,
        null,
        null
      ],
      "C:/Users/medve/Desktop/rubyLaba2/lib/translation.rb": [
        1,
        1,
        null,
        null,
        1,
        1,
        1,
        12,
        12,
        12,
        null,
        null,
        1,
        2,
        1,
        null,
        1,
        null,
        null,
        null
      ]
    },
    "timestamp": 1544016789
  }
}
